{"message":"undefined - API Server Start At Port 3000","level":"info","timestamp":"2021-08-09 00:13:12"}
{"message":"undefined - API Server Start At Port 3000","level":"info","timestamp":"2021-08-09 00:22:20"}
{"message":"undefined - API Server Start At Port 3000","level":"info","timestamp":"2021-08-09 01:06:33"}
{"message":"undefined - API Server Start At Port 3000","level":"info","timestamp":"2021-08-09 01:37:37"}
{"message":"undefined - API Server Start At Port 3000","level":"info","timestamp":"2021-08-09 01:39:45"}
{"message":"undefined - API Server Start At Port 3000","level":"info","timestamp":"2021-08-09 01:39:59"}
{"message":"undefined - API Server Start At Port 3000","level":"info","timestamp":"2021-08-09 02:02:38"}
{"message":"undefined - API Server Start At Port 3000","level":"info","timestamp":"2021-08-09 02:19:23"}
{"message":"undefined - API Server Start At Port 3000","level":"info","timestamp":"2021-08-09 16:49:59"}
{"message":"undefined - API Server Start At Port 3000","level":"info","timestamp":"2021-08-09 16:51:14"}
{"message":"undefined - API Server Start At Port 3000","level":"info","timestamp":"2021-08-09 16:57:47"}
{"message":"undefined - API Server Start At Port 3000","level":"info","timestamp":"2021-08-09 16:59:52"}
{"message":"App - createFolder Service error \n: folderDao is not defined","level":"error","timestamp":"2021-08-09 16:59:56"}
{"message":"undefined - API Server Start At Port 3000","level":"info","timestamp":"2021-08-09 17:00:20"}
{"message":"App - createFolder Service error \n: wishlistDao.insertFolderInfo is not a function","level":"error","timestamp":"2021-08-09 17:00:21"}
{"message":"undefined - API Server Start At Port 3000","level":"info","timestamp":"2021-08-09 17:01:21"}
{"message":"App - createFolder Service error \n: wishlistDao.insertFolderInfo is not a function","level":"error","timestamp":"2021-08-09 17:01:22"}
{"message":"undefined - API Server Start At Port 3000","level":"info","timestamp":"2021-08-09 17:03:26"}
{"message":"undefined - API Server Start At Port 3000","level":"info","timestamp":"2021-08-09 17:12:41"}
{"message":"undefined - API Server Start At Port 3000","level":"info","timestamp":"2021-08-09 17:37:17"}
{"message":"App - editFolder Service error\n: Unknown column 'wishFolderUser_Idx' in 'where clause'","level":"error","timestamp":"2021-08-09 17:38:47"}
{"message":"undefined - API Server Start At Port 3000","level":"info","timestamp":"2021-08-09 17:42:03"}
{"message":"App - editFolder Service error\n: folderIdx is not defined","level":"error","timestamp":"2021-08-09 17:42:05"}
{"message":"undefined - API Server Start At Port 3000","level":"info","timestamp":"2021-08-09 17:42:44"}
{"message":"App - editFolder Service error\n: Unknown column 'wishFolderName' in 'field list'","level":"error","timestamp":"2021-08-09 17:42:47"}
{"message":"undefined - API Server Start At Port 3000","level":"info","timestamp":"2021-08-09 17:45:10"}
{"message":"App - editFolder Service error\n: Unknown column 'wishFolderName' in 'field list'","level":"error","timestamp":"2021-08-09 17:45:19"}
{"message":"undefined - API Server Start At Port 3000","level":"info","timestamp":"2021-08-09 17:47:58"}
{"message":"undefined - API Server Start At Port 3000","level":"info","timestamp":"2021-08-09 17:54:51"}
{"message":"undefined - API Server Start At Port 3000","level":"info","timestamp":"2021-08-09 17:55:36"}
{"message":"undefined - API Server Start At Port 3000","level":"info","timestamp":"2021-08-09 19:34:24"}
{"message":"App - editWish Service error\n: wishlistDao.editWishByIdx is not a function","level":"error","timestamp":"2021-08-09 19:35:46"}
{"message":"undefined - API Server Start At Port 3000","level":"info","timestamp":"2021-08-09 19:36:14"}
{"message":"undefined - API Server Start At Port 3000","level":"info","timestamp":"2021-08-09 21:12:37"}
{"message":"App - editFolder Service error\n: wishlistProvider.folderChek is not a function","level":"error","timestamp":"2021-08-09 21:13:08"}
{"message":"undefined - API Server Start At Port 3000","level":"info","timestamp":"2021-08-09 21:14:04"}
{"message":"App - editFolder Service error\n: wishlistProvider.folderChek is not a function","level":"error","timestamp":"2021-08-09 21:14:07"}
{"message":"undefined - API Server Start At Port 3000","level":"info","timestamp":"2021-08-09 21:14:29"}
{"message":"undefined - API Server Start At Port 3000","level":"info","timestamp":"2021-08-09 21:18:17"}
{"message":"undefined - API Server Start At Port 3000","level":"info","timestamp":"2021-08-09 21:19:10"}
{"message":"App - editFolder Service error\n: floderRows is not defined","level":"error","timestamp":"2021-08-09 21:19:13"}
{"message":"undefined - API Server Start At Port 3000","level":"info","timestamp":"2021-08-09 21:19:29"}
{"message":"undefined - API Server Start At Port 3000","level":"info","timestamp":"2021-08-09 21:19:45"}
{"message":"undefined - API Server Start At Port 3000","level":"info","timestamp":"2021-08-09 21:20:22"}
{"message":"undefined - API Server Start At Port 3000","level":"info","timestamp":"2021-08-09 21:21:08"}
{"message":"undefined - API Server Start At Port 3000","level":"info","timestamp":"2021-08-09 21:21:55"}
{"message":"undefined - API Server Start At Port 3000","level":"info","timestamp":"2021-08-09 21:22:36"}
{"message":"undefined - API Server Start At Port 3000","level":"info","timestamp":"2021-08-09 22:05:31"}
{"message":"undefined - API Server Start At Port 3000","level":"info","timestamp":"2021-08-09 22:06:13"}
{"message":"undefined - API Server Start At Port 3000","level":"info","timestamp":"2021-08-09 22:07:25"}
{"message":"undefined - API Server Start At Port 3000","level":"info","timestamp":"2021-08-09 22:11:59"}
{"message":"undefined - API Server Start At Port 3000","level":"info","timestamp":"2021-08-09 22:15:28"}
{"message":"undefined - API Server Start At Port 3000","level":"info","timestamp":"2021-08-09 23:02:06"}
{"message":"undefined - API Server Start At Port 3000","level":"info","timestamp":"2021-08-09 23:14:49"}
{"message":"undefined - API Server Start At Port 3000","level":"info","timestamp":"2021-08-09 23:43:30"}
{"message":"undefined - API Server Start At Port 3000","level":"info","timestamp":"2021-08-09 23:44:48"}
{"message":"App - deleteWish Service error\n: wishlistDao.deleteWishByIdx is not a function","level":"error","timestamp":"2021-08-09 23:45:05"}
{"message":"undefined - API Server Start At Port 3000","level":"info","timestamp":"2021-08-09 23:45:22"}
{"message":"App - deleteWish Service error\n: You have an error in your SQL syntax; check the manual that corresponds to your MySQL server version for the right syntax to use near '?' at line 3","level":"error","timestamp":"2021-08-09 23:45:26"}
{"message":"undefined - API Server Start At Port 3000","level":"info","timestamp":"2021-08-09 23:47:30"}
{"message":"App - deleteWish Service error\n: You have an error in your SQL syntax; check the manual that corresponds to your MySQL server version for the right syntax to use near '?' at line 3","level":"error","timestamp":"2021-08-09 23:47:36"}
{"message":"undefined - API Server Start At Port 3000","level":"info","timestamp":"2021-08-09 23:47:51"}
{"message":"App - deleteWish Service error\n: You have an error in your SQL syntax; check the manual that corresponds to your MySQL server version for the right syntax to use near '?' at line 3","level":"error","timestamp":"2021-08-09 23:47:53"}
{"message":"undefined - API Server Start At Port 3000","level":"info","timestamp":"2021-08-09 23:49:12"}
{"message":"App - deleteWish Service error\n: wishIdx is not defined","level":"error","timestamp":"2021-08-09 23:49:15"}
{"message":"undefined - API Server Start At Port 3000","level":"info","timestamp":"2021-08-09 23:50:27"}
{"message":"App - deleteWish Service error\n: deleteWishPArams is not defined","level":"error","timestamp":"2021-08-09 23:50:30"}
{"message":"undefined - API Server Start At Port 3000","level":"info","timestamp":"2021-08-09 23:50:44"}
{"message":"undefined - API Server Start At Port 3000","level":"info","timestamp":"2021-08-09 23:52:18"}
